#model = 5 
#gjmodel = 1 
#morphology = 1 
#species = 0 
#pyseed = 17 
#isImitateExp = 1 
#mode = 1 
#silenceStart = 150000.000000 
#silenceDur = 250000.000000 
#silenceAmp = -100.000000 
#pHubs = 0.200000 
#methodToPickHubs = 0 
#ggap = 0.010000 
#ggaphub = 0.050000 
#gjtau = 400.000000 
#dthres = 17.500000 
#isletsize = None 
#hetVar = 0.200000 
#tstop = 700000.000000 
#dt = 0.100000 
#downSampling = 1000 
#tbatch = 5000.000000 

#imagedCells = 0,29,28,27,26,25,24,23,22,21,20,19,18,16,15,17,13,1,2,3,4,14,6,5,8,9,10,11,12,7,36,40,39,38,35,37,33,32,31,30,34,93,92,91,90,89,88,87,85,84,83,82,81,80,79,86,94,97,96,78,111,110,109,108,107,106,105,104,103,102,101,100,99,98,95,77,74,75,55,54,53,52,51,49,48,47,46,45,44,43,42,41,76,56,57,50,59,58,73,72

#hubsList = 
570,558,30,289,242,682,551,26,262,35,431,11,747,122,333,535,47,231,685,606,363,374,182,188,248,436,211,95,421,676,469,689,449,749,127,162,180,9,61,586,637,143,582,83,268,508,114,441,317,193,554,668,667,640,382,505,183,579,525,147,119,287,49,497,175,84,477,305,733,644,736,446,495,507,681,584,686,238,643,395,164,181,416,479,77,31,437,381,634,670,428,59,126,213,230,5,517,21,566,349,245,467,745,412,567,312,587,252,212,0,367,510,136,651,201,225,691,557,562,728,301,314,705,453,627,223,335,291,300,380,74,348,454,648,249,159,485,281,543,647,564,384,117,583,72,376,360,394,476,703,14,53

#imagedHubs = 0,35,5,72,9,74,11,77,47,49,83,84,21,59,26,95,30,31,14,53

#nonHubsToPickList = 340,199,442,78,698,680,504,354,63,239,192,546,327,417,400,572,638,457,519,1,626,52,106,20,85,631,350,616,131,216,133,328,290,160,612,725,22,687,398,748,737,474,600,299,166,104,16,425,336,153,649,622,329,624,696,271,730,707,82,383,411,458,258,156,41,489,198,111,79,105,10,424,168,620,377,545,466,430,206,561,569,366,520,222,486,593,62,293,227,3,723,369,701,619,19,597,344,371,379,330,688,321,116,241,184,716,278,89,541,247,530,729,322,402,491,313,279,720,537,613,362,496,717,196,465,174,511,33,171,738,267,529,547,594,141,460,493,365,144,226,24,203,611,618,308,636,12,581,726,706

#imagedNonHubs = 24,106,56,36,82,25,40,32,37,80,75,23,99,58,79,94,110,8,7,54

#Ca_shape = (750, 50)
#Vm_shape = (750, 50)
#Ca_shape = (750, 50)
#Vm_shape = (750, 50)
#Ca_shape = (750, 50)
#Vm_shape = (750, 50)
#Ca_shape = (750, 50)
#Vm_shape = (750, 50)
#Ca_shape = (750, 50)
#Vm_shape = (750, 50)
#Ca_shape = (750, 50)
#Vm_shape = (750, 50)
#Ca_shape = (750, 50)
#Vm_shape = (750, 50)
#Ca_shape = (750, 50)
#Vm_shape = (750, 50)
#Ca_shape = (750, 50)
#Vm_shape = (750, 50)
#Ca_shape = (750, 50)
#Vm_shape = (750, 50)
#Ca_shape = (750, 50)
#Vm_shape = (750, 50)
#Ca_shape = (750, 50)
#Vm_shape = (750, 50)
#Ca_shape = (750, 50)
#Vm_shape = (750, 50)
#Ca_shape = (750, 50)
#Vm_shape = (750, 50)
#Ca_shape = (750, 50)
#Vm_shape = (750, 50)
#Ca_shape = (750, 50)
#Vm_shape = (750, 50)
#Ca_shape = (750, 50)
#Vm_shape = (750, 50)
#Ca_shape = (750, 50)
#Vm_shape = (750, 50)
#Ca_shape = (750, 50)
#Vm_shape = (750, 50)
#Ca_shape = (750, 50)
#Vm_shape = (750, 50)
#Ca_shape = (750, 50)
#Vm_shape = (750, 50)
#Ca_shape = (750, 50)
#Vm_shape = (750, 50)
#Ca_shape = (750, 50)
#Vm_shape = (750, 50)
#Ca_shape = (750, 50)
#Vm_shape = (750, 50)
#Ca_shape = (750, 50)
#Vm_shape = (750, 50)
#Ca_shape = (750, 50)
#Vm_shape = (750, 50)
#Ca_shape = (750, 50)
#Vm_shape = (750, 50)
#Ca_shape = (750, 50)
#Vm_shape = (750, 50)
#Ca_shape = (750, 50)
#Vm_shape = (750, 50)
#Ca_shape = (750, 50)
#Vm_shape = (750, 50)
#Ca_shape = (750, 50)
#Vm_shape = (750, 50)
#Ca_shape = (750, 50)
#Vm_shape = (750, 50)
#Ca_shape = (750, 50)
#Vm_shape = (750, 50)
#Ca_shape = (750, 50)
#Vm_shape = (750, 50)
#Ca_shape = (750, 50)
#Vm_shape = (750, 50)
#Ca_shape = (750, 50)
#Vm_shape = (750, 50)
#Ca_shape = (750, 50)
#Vm_shape = (750, 50)
#Ca_shape = (750, 50)
#Vm_shape = (750, 50)
#Ca_shape = (750, 50)
#Vm_shape = (750, 50)
#Ca_shape = (750, 50)
#Vm_shape = (750, 50)
#Ca_shape = (750, 50)
#Vm_shape = (750, 50)
#Ca_shape = (750, 50)
#Vm_shape = (750, 50)
#Ca_shape = (750, 50)
#Vm_shape = (750, 50)
#Ca_shape = (750, 50)
#Vm_shape = (750, 50)
#Ca_shape = (750, 50)
#Vm_shape = (750, 50)
#Ca_shape = (750, 50)
#Vm_shape = (750, 50)
#Ca_shape = (750, 50)
#Vm_shape = (750, 50)
#Ca_shape = (750, 50)
#Vm_shape = (750, 50)
#Ca_shape = (750, 50)
#Vm_shape = (750, 50)
#Ca_shape = (750, 50)
#Vm_shape = (750, 50)
#Ca_shape = (750, 50)
#Vm_shape = (750, 50)
#Ca_shape = (750, 50)
#Vm_shape = (750, 50)
#Ca_shape = (750, 50)
#Vm_shape = (750, 50)
#Ca_shape = (750, 50)
#Vm_shape = (750, 50)
#Ca_shape = (750, 50)
#Vm_shape = (750, 50)
#Ca_shape = (750, 50)
#Vm_shape = (750, 50)
#Ca_shape = (750, 50)
#Vm_shape = (750, 50)
#Ca_shape = (750, 50)
#Vm_shape = (750, 50)
#Ca_shape = (750, 50)
#Vm_shape = (750, 50)
#Ca_shape = (750, 50)
#Vm_shape = (750, 50)
#Ca_shape = (750, 50)
#Vm_shape = (750, 50)
#Ca_shape = (750, 50)
#Vm_shape = (750, 50)
#Ca_shape = (750, 50)
#Vm_shape = (750, 50)
#Ca_shape = (750, 50)
#Vm_shape = (750, 50)
#Ca_shape = (750, 50)
#Vm_shape = (750, 50)
#Ca_shape = (750, 50)
#Vm_shape = (750, 50)
#Ca_shape = (750, 50)
#Vm_shape = (750, 50)
#Ca_shape = (750, 50)
#Vm_shape = (750, 50)
#Ca_shape = (750, 50)
#Vm_shape = (750, 50)
#Ca_shape = (750, 50)
#Vm_shape = (750, 50)
#Ca_shape = (750, 50)
#Vm_shape = (750, 50)
#Ca_shape = (750, 50)
#Vm_shape = (750, 50)
#Ca_shape = (750, 50)
#Vm_shape = (750, 50)
#Ca_shape = (750, 50)
#Vm_shape = (750, 50)
#Ca_shape = (750, 50)
#Vm_shape = (750, 50)
#Ca_shape = (750, 50)
#Vm_shape = (750, 50)
#Ca_shape = (750, 50)
#Vm_shape = (750, 50)
#Ca_shape = (750, 50)
#Vm_shape = (750, 50)
#Ca_shape = (750, 50)
#Vm_shape = (750, 50)
#Ca_shape = (750, 50)
#Vm_shape = (750, 50)
#Ca_shape = (750, 50)
#Vm_shape = (750, 50)
#Ca_shape = (750, 50)
#Vm_shape = (750, 50)
#Ca_shape = (750, 50)
#Vm_shape = (750, 50)
#Ca_shape = (750, 50)
#Vm_shape = (750, 50)
#Ca_shape = (750, 50)
#Vm_shape = (750, 50)
#Ca_shape = (750, 50)
#Vm_shape = (750, 50)
#Ca_shape = (750, 50)
#Vm_shape = (750, 50)
#Ca_shape = (750, 50)
#Vm_shape = (750, 50)
#Ca_shape = (750, 50)
#Vm_shape = (750, 50)
#Ca_shape = (750, 50)
#Vm_shape = (750, 50)
#Ca_shape = (750, 50)
#Vm_shape = (750, 50)
#Ca_shape = (750, 50)
#Vm_shape = (750, 50)
#Ca_shape = (750, 50)
#Vm_shape = (750, 50)
#Ca_shape = (750, 50)
#Vm_shape = (750, 50)
#Ca_shape = (750, 50)
#Vm_shape = (750, 50)
#Ca_shape = (750, 50)
#Vm_shape = (750, 50)
#Ca_shape = (750, 50)
#Vm_shape = (750, 50)
#Ca_shape = (750, 50)
#Vm_shape = (750, 50)
#Ca_shape = (750, 50)
#Vm_shape = (750, 50)
#Ca_shape = (750, 50)
#Vm_shape = (750, 50)
#Ca_shape = (750, 50)
#Vm_shape = (750, 50)
#Ca_shape = (750, 50)
#Vm_shape = (750, 50)
#Ca_shape = (750, 50)
#Vm_shape = (750, 50)
#Ca_shape = (750, 50)
#Vm_shape = (750, 50)
#Ca_shape = (750, 50)
#Vm_shape = (750, 50)
#Ca_shape = (750, 50)
#Vm_shape = (750, 50)
#Ca_shape = (750, 50)
#Vm_shape = (750, 50)
#Ca_shape = (750, 50)
#Vm_shape = (750, 50)
#Ca_shape = (750, 50)
#Vm_shape = (750, 50)
#Ca_shape = (750, 50)
#Vm_shape = (750, 50)
#Ca_shape = (750, 50)
#Vm_shape = (750, 50)
#Ca_shape = (750, 50)
#Vm_shape = (750, 50)
#Ca_shape = (750, 50)
#Vm_shape = (750, 50)
#Ca_shape = (750, 50)
#Vm_shape = (750, 50)
#Ca_shape = (750, 50)
#Vm_shape = (750, 50)
#Ca_shape = (750, 50)
#Vm_shape = (750, 50)
#Ca_shape = (750, 50)
#Vm_shape = (750, 50)
#Ca_shape = (750, 50)
#Vm_shape = (750, 50)
#Ca_shape = (750, 50)
#Vm_shape = (750, 50)
#Ca_shape = (750, 50)
#Vm_shape = (750, 50)
#Ca_shape = (750, 50)
#Vm_shape = (750, 50)
#Ca_shape = (750, 50)
#Vm_shape = (750, 50)
#Ca_shape = (750, 50)
#Vm_shape = (750, 50)
#Ca_shape = (750, 50)
#Vm_shape = (750, 50)
#Ca_shape = (750, 50)
#Vm_shape = (750, 50)
#Ca_shape = (750, 50)
#Vm_shape = (750, 50)
#Ca_shape = (750, 50)
#Vm_shape = (750, 50)
#Ca_shape = (750, 50)
#Vm_shape = (750, 50)
#Ca_shape = (750, 50)
#Vm_shape = (750, 50)
#Ca_shape = (750, 50)
#Vm_shape = (750, 50)
#Ca_shape = (750, 50)
#Vm_shape = (750, 50)
#Ca_shape = (750, 50)
#Vm_shape = (750, 50)
#Ca_shape = (750, 50)
#Vm_shape = (750, 50)
#Ca_shape = (750, 50)
#Vm_shape = (750, 50)
#Ca_shape = (750, 50)
#Vm_shape = (750, 50)
#Ca_shape = (750, 50)
#Vm_shape = (750, 50)
#Ca_shape = (750, 50)
#Vm_shape = (750, 50)
#Ca_shape = (750, 50)
#Vm_shape = (750, 50)
#Ca_shape = (750, 50)
#Vm_shape = (750, 50)
#Ca_shape = (750, 50)
#Vm_shape = (750, 50)
