#model = 5 
#gjmodel = 1 
#morphology = 1 
#species = 0 
#pyseed = 3 
#isImitateExp = 1 
#mode = 1 
#silenceStart = 150000.000000 
#silenceDur = 250000.000000 
#silenceAmp = -100.000000 
#pHubs = 0.100000 
#methodToPickHubs = 0 
#ggap = 0.020000 
#ggaphub = 0.020000 
#gjtau = 400.000000 
#dthres = 17.500000 
#isletsize = None 
#hetVar = 0.200000 
#tstop = 400000.000000 
#dt = 0.100000 
#downSampling = 1000 
#tbatch = 5000.000000 

#imagedCells = 0,29,28,27,26,25,24,23,22,21,20,19,18,16,15,17,13,1,2,3,4,14,6,5,8,9,10,11,12,7,36,40,39,38,35,37,33,32,31,30,34,93,92,91,90,89,88,87,85,84,83,82,81,80,79,86,94,97,96,78,111,110,109,108,107,106,105,104,103,102,101,100,99,98,95,77,74,75,55,54,53,52,51,49,48,47,46,45,44,43,42,41,76,56,57,50,59,58,73,72

#hubsList = 
367,663,735,141,460,42,631,620,83,716,415,108,682,350,701,23,703,540,146,153,658,575,284,292,186,419,739,721,717,267,136,476,457,138,311,123,734,710,726,448,644,737,408,58,635,352,738,517,231,232,472,76,715,314,688,376,50,629,712,645,316,458,248,483,1,705,344,478,494,49,639,194,587,373,459,37

#imagedHubs = 1,76,42,108,49,50,83,23,58,37

#nonHubsToPickList = 560,363,62,669,417,531,664,586,694,296,690,742,584,380,368,196,67,102,320,240,657,90,543,434,100,455,298,21,683,294,230,412,345,463,271,275,511,464,72,342,401,25,40,165,244,319,381,529,462,594,132,565,300,676,452,708,537,444,706,614,171,105,579,53,654,702,152,603,117,313,549,615,395,383,445

#imagedNonHubs = 77,40,36,13,32,101,105,19,48,93

#Ca_shape = (750, 50)
#Vm_shape = (750, 50)
#Ca_shape = (750, 50)
#Vm_shape = (750, 50)
#Ca_shape = (750, 50)
#Vm_shape = (750, 50)
#Ca_shape = (750, 50)
#Vm_shape = (750, 50)
#Ca_shape = (750, 50)
#Vm_shape = (750, 50)
#Ca_shape = (750, 50)
#Vm_shape = (750, 50)
#Ca_shape = (750, 50)
#Vm_shape = (750, 50)
#Ca_shape = (750, 50)
#Vm_shape = (750, 50)
#Ca_shape = (750, 50)
#Vm_shape = (750, 50)
#Ca_shape = (750, 50)
#Vm_shape = (750, 50)
#Ca_shape = (750, 50)
#Vm_shape = (750, 50)
#Ca_shape = (750, 50)
#Vm_shape = (750, 50)
#Ca_shape = (750, 50)
#Vm_shape = (750, 50)
#Ca_shape = (750, 50)
#Vm_shape = (750, 50)
#Ca_shape = (750, 50)
#Vm_shape = (750, 50)
#Ca_shape = (750, 50)
#Vm_shape = (750, 50)
#Ca_shape = (750, 50)
#Vm_shape = (750, 50)
#Ca_shape = (750, 50)
#Vm_shape = (750, 50)
#Ca_shape = (750, 50)
#Vm_shape = (750, 50)
#Ca_shape = (750, 50)
#Vm_shape = (750, 50)
#Ca_shape = (750, 50)
#Vm_shape = (750, 50)
#Ca_shape = (750, 50)
#Vm_shape = (750, 50)
#Ca_shape = (750, 50)
#Vm_shape = (750, 50)
#Ca_shape = (750, 50)
#Vm_shape = (750, 50)
#Ca_shape = (750, 50)
#Vm_shape = (750, 50)
#Ca_shape = (750, 50)
#Vm_shape = (750, 50)
#Ca_shape = (750, 50)
#Vm_shape = (750, 50)
#Ca_shape = (750, 50)
#Vm_shape = (750, 50)
#Ca_shape = (750, 50)
#Vm_shape = (750, 50)
#Ca_shape = (750, 50)
#Vm_shape = (750, 50)
#Ca_shape = (750, 50)
#Vm_shape = (750, 50)
#Ca_shape = (750, 50)
#Vm_shape = (750, 50)
#Ca_shape = (750, 50)
#Vm_shape = (750, 50)
#Ca_shape = (750, 50)
#Vm_shape = (750, 50)
#Ca_shape = (750, 50)
#Vm_shape = (750, 50)
#Ca_shape = (750, 50)
#Vm_shape = (750, 50)
#Ca_shape = (750, 50)
#Vm_shape = (750, 50)
#Ca_shape = (750, 50)
#Vm_shape = (750, 50)
#Ca_shape = (750, 50)
#Vm_shape = (750, 50)
#Ca_shape = (750, 50)
#Vm_shape = (750, 50)
#Ca_shape = (750, 50)
#Vm_shape = (750, 50)
#Ca_shape = (750, 50)
#Vm_shape = (750, 50)
#Ca_shape = (750, 50)
#Vm_shape = (750, 50)
#Ca_shape = (750, 50)
#Vm_shape = (750, 50)
#Ca_shape = (750, 50)
#Vm_shape = (750, 50)
#Ca_shape = (750, 50)
#Vm_shape = (750, 50)
#Ca_shape = (750, 50)
#Vm_shape = (750, 50)
#Ca_shape = (750, 50)
#Vm_shape = (750, 50)
#Ca_shape = (750, 50)
#Vm_shape = (750, 50)
#Ca_shape = (750, 50)
#Vm_shape = (750, 50)
#Ca_shape = (750, 50)
#Vm_shape = (750, 50)
#Ca_shape = (750, 50)
#Vm_shape = (750, 50)
#Ca_shape = (750, 50)
#Vm_shape = (750, 50)
#Ca_shape = (750, 50)
#Vm_shape = (750, 50)
#Ca_shape = (750, 50)
#Vm_shape = (750, 50)
#Ca_shape = (750, 50)
#Vm_shape = (750, 50)
#Ca_shape = (750, 50)
#Vm_shape = (750, 50)
#Ca_shape = (750, 50)
#Vm_shape = (750, 50)
#Ca_shape = (750, 50)
#Vm_shape = (750, 50)
#Ca_shape = (750, 50)
#Vm_shape = (750, 50)
#Ca_shape = (750, 50)
#Vm_shape = (750, 50)
#Ca_shape = (750, 50)
#Vm_shape = (750, 50)
#Ca_shape = (750, 50)
#Vm_shape = (750, 50)
#Ca_shape = (750, 50)
#Vm_shape = (750, 50)
#Ca_shape = (750, 50)
#Vm_shape = (750, 50)
#Ca_shape = (750, 50)
#Vm_shape = (750, 50)
#Ca_shape = (750, 50)
#Vm_shape = (750, 50)
#Ca_shape = (750, 50)
#Vm_shape = (750, 50)
#Ca_shape = (750, 50)
#Vm_shape = (750, 50)
#Ca_shape = (750, 50)
#Vm_shape = (750, 50)
#Ca_shape = (750, 50)
#Vm_shape = (750, 50)
#Ca_shape = (750, 50)
#Vm_shape = (750, 50)
#Ca_shape = (750, 50)
#Vm_shape = (750, 50)
#Ca_shape = (750, 50)
#Vm_shape = (750, 50)
#Ca_shape = (750, 50)
#Vm_shape = (750, 50)
#Ca_shape = (750, 50)
#Vm_shape = (750, 50)
#Ca_shape = (750, 50)
#Vm_shape = (750, 50)
#Ca_shape = (750, 50)
#Vm_shape = (750, 50)
#Ca_shape = (750, 50)
#Vm_shape = (750, 50)
#Ca_shape = (750, 50)
#Vm_shape = (750, 50)
