#model = 5 
#gjmodel = 1 
#morphology = 5 
#species = 1 
#pyseed = 2 
#isImitateExp = 1 
#mode = 1 
#silenceStart = 150000.000000 
#silenceDur = 250000.000000 
#silenceAmp = -100.000000 
#pHubs = 0.100000 
#methodToPickHubs = 0 
#ggap = 0.010000 
#ggaphub = 0.050000 
#gjtau = 400.000000 
#dthres = 17.500000 
#isletsize = None 
#hetVar = 0.200000 
#tstop = 400000.000000 
#dt = 0.100000 
#downSampling = 1000 
#tbatch = 5000.000000 

#imagedCells = 1153,1151,1152,1148,1154,1155,1156,1157,1158,1147,1146,1150,1149,1145,1144,1143,1142,1141,1134,1135,1133,1132,1131,1130,1129,1128,1136,1137,1139,1140,1138,1125,1120,1121,1127,1126,1124,1123,1122,1114,1115,1116,1117,1118,1119,1113,1108,1109,1111,1110,1112,1097,1096,1094,1098,1095,1093,1092,1091,1090,1089,1088,1087,1099,1100,1105,1102,1103,1104,1106,1101,1107,1086,1083,1082,1081,1079,1085,1080,1084,1069,1070,1071,1068,1066,1065,1064,1063,1062,1061,1060,1067,1073,1072,1075,1076,1077,1078,1074,1052

#hubsList = 
48,814,190,1089,548,458,1,39,193,762,1136,1014,1149,338,1001,1052,1139,395,868,553,291,183,963,522,103,448,1137,984,937,299,1076,77,310,926,871,175,36,886,54,278,1016,1167,1049,1041,151,1002,918,969,369,385,1042,495,552,605,922,1113,1088,93,387,493,832,601,251,322,52,298,412,796,69,1075,685,780,631,764,824,220,189,901,457,225,1020,110,303,223,894,533,967,656,776,854,587,821,690,956,130,524,289,733,949,40,951,940,644,825,56,140,372,721,19,939,282,497,481,252,630,879,477

#imagedHubs = 1088,1089,1075,1136,1137,1139,1076,1113,1052,1149

#nonHubsToPickList = 950,1032,379,861,592,596,489,936,1057,930,802,708,958,1162,411,294,22,616,565,998,38,687,978,146,237,1147,496,518,919,621,43,1159,396,35,1129,311,312,354,740,806,1160,486,479,589,321,1169,568,1093,696,62,463,226,129,41,349,959,789,171,625,1135,242,1150,627,452,64,1165,786,260,404,320,507,856,1085,57,781,996,730,768,1004,222,732,1133,960,341,711,513,910,243,86,588,96,99,655,383,1152,676,686,66,538,719,217,17,665,1138,461,1011,851,216,567,773,877,1095,885,643,160,68,805

#imagedNonHubs = 1090,1120,1069,1100,1143,1155,1099,1151,1135,1123

#Ca_shape = (1173, 50)
#Vm_shape = (1173, 50)
#Ca_shape = (1173, 50)
#Vm_shape = (1173, 50)
#Ca_shape = (1173, 50)
#Vm_shape = (1173, 50)
#Ca_shape = (1173, 50)
#Vm_shape = (1173, 50)
#Ca_shape = (1173, 50)
#Vm_shape = (1173, 50)
#Ca_shape = (1173, 50)
#Vm_shape = (1173, 50)
#Ca_shape = (1173, 50)
#Vm_shape = (1173, 50)
#Ca_shape = (1173, 50)
#Vm_shape = (1173, 50)
#Ca_shape = (1173, 50)
#Vm_shape = (1173, 50)
#Ca_shape = (1173, 50)
#Vm_shape = (1173, 50)
#Ca_shape = (1173, 50)
#Vm_shape = (1173, 50)
#Ca_shape = (1173, 50)
#Vm_shape = (1173, 50)
#Ca_shape = (1173, 50)
#Vm_shape = (1173, 50)
#Ca_shape = (1173, 50)
#Vm_shape = (1173, 50)
#Ca_shape = (1173, 50)
#Vm_shape = (1173, 50)
#Ca_shape = (1173, 50)
#Vm_shape = (1173, 50)
#Ca_shape = (1173, 50)
#Vm_shape = (1173, 50)
#Ca_shape = (1173, 50)
#Vm_shape = (1173, 50)
#Ca_shape = (1173, 50)
#Vm_shape = (1173, 50)
#Ca_shape = (1173, 50)
#Vm_shape = (1173, 50)
#Ca_shape = (1173, 50)
#Vm_shape = (1173, 50)
#Ca_shape = (1173, 50)
#Vm_shape = (1173, 50)
#Ca_shape = (1173, 50)
#Vm_shape = (1173, 50)
#Ca_shape = (1173, 50)
#Vm_shape = (1173, 50)
#Ca_shape = (1173, 50)
#Vm_shape = (1173, 50)
#Ca_shape = (1173, 50)
#Vm_shape = (1173, 50)
#Ca_shape = (1173, 50)
#Vm_shape = (1173, 50)
#Ca_shape = (1173, 50)
#Vm_shape = (1173, 50)
#Ca_shape = (1173, 50)
#Vm_shape = (1173, 50)
#Ca_shape = (1173, 50)
#Vm_shape = (1173, 50)
#Ca_shape = (1173, 50)
#Vm_shape = (1173, 50)
#Ca_shape = (1173, 50)
#Vm_shape = (1173, 50)
#Ca_shape = (1173, 50)
#Vm_shape = (1173, 50)
#Ca_shape = (1173, 50)
#Vm_shape = (1173, 50)
#Ca_shape = (1173, 50)
#Vm_shape = (1173, 50)
#Ca_shape = (1173, 50)
#Vm_shape = (1173, 50)
#Ca_shape = (1173, 50)
#Vm_shape = (1173, 50)
#Ca_shape = (1173, 50)
#Vm_shape = (1173, 50)
#Ca_shape = (1173, 50)
#Vm_shape = (1173, 50)
#Ca_shape = (1173, 50)
#Vm_shape = (1173, 50)
#Ca_shape = (1173, 50)
#Vm_shape = (1173, 50)
#Ca_shape = (1173, 50)
#Vm_shape = (1173, 50)
#Ca_shape = (1173, 50)
#Vm_shape = (1173, 50)
#Ca_shape = (1173, 50)
#Vm_shape = (1173, 50)
#Ca_shape = (1173, 50)
#Vm_shape = (1173, 50)
#Ca_shape = (1173, 50)
#Vm_shape = (1173, 50)
#Ca_shape = (1173, 50)
#Vm_shape = (1173, 50)
#Ca_shape = (1173, 50)
#Vm_shape = (1173, 50)
#Ca_shape = (1173, 50)
#Vm_shape = (1173, 50)
#Ca_shape = (1173, 50)
#Vm_shape = (1173, 50)
#Ca_shape = (1173, 50)
#Vm_shape = (1173, 50)
#Ca_shape = (1173, 50)
#Vm_shape = (1173, 50)
#Ca_shape = (1173, 50)
#Vm_shape = (1173, 50)
#Ca_shape = (1173, 50)
#Vm_shape = (1173, 50)
#Ca_shape = (1173, 50)
#Vm_shape = (1173, 50)
#Ca_shape = (1173, 50)
#Vm_shape = (1173, 50)
#Ca_shape = (1173, 50)
#Vm_shape = (1173, 50)
#Ca_shape = (1173, 50)
#Vm_shape = (1173, 50)
#Ca_shape = (1173, 50)
#Vm_shape = (1173, 50)
#Ca_shape = (1173, 50)
#Vm_shape = (1173, 50)
#Ca_shape = (1173, 50)
#Vm_shape = (1173, 50)
#Ca_shape = (1173, 50)
#Vm_shape = (1173, 50)
#Ca_shape = (1173, 50)
#Vm_shape = (1173, 50)
#Ca_shape = (1173, 50)
#Vm_shape = (1173, 50)
#Ca_shape = (1173, 50)
#Vm_shape = (1173, 50)
#Ca_shape = (1173, 50)
#Vm_shape = (1173, 50)
#Ca_shape = (1173, 50)
#Vm_shape = (1173, 50)
#Ca_shape = (1173, 50)
#Vm_shape = (1173, 50)
#Ca_shape = (1173, 50)
#Vm_shape = (1173, 50)
#Ca_shape = (1173, 50)
#Vm_shape = (1173, 50)
#Ca_shape = (1173, 50)
#Vm_shape = (1173, 50)
#Ca_shape = (1173, 50)
#Vm_shape = (1173, 50)
#Ca_shape = (1173, 50)
#Vm_shape = (1173, 50)
#Ca_shape = (1173, 50)
#Vm_shape = (1173, 50)
#Ca_shape = (1173, 50)
#Vm_shape = (1173, 50)
#Ca_shape = (1173, 50)
#Vm_shape = (1173, 50)
#Ca_shape = (1173, 50)
#Vm_shape = (1173, 50)
#Ca_shape = (1173, 50)
#Vm_shape = (1173, 50)
#Ca_shape = (1173, 50)
#Vm_shape = (1173, 50)
#Ca_shape = (1173, 50)
#Vm_shape = (1173, 50)
