#model = 5 
#gjmodel = 1 
#morphology = 1 
#species = 0 
#pyseed = 2 
#isImitateExp = 1 
#mode = 1 
#silenceStart = 150000.000000 
#silenceDur = 250000.000000 
#silenceAmp = -100.000000 
#pHubs = 0.100000 
#methodToPickHubs = 0 
#ggap = 0.020000 
#ggaphub = 0.020000 
#gjtau = 400.000000 
#dthres = 17.500000 
#isletsize = None 
#hetVar = 0.200000 
#tstop = 400000.000000 
#dt = 0.100000 
#downSampling = 1000 
#tbatch = 5000.000000 

#imagedCells = 0,29,28,27,26,25,24,23,22,21,20,19,18,16,15,17,13,1,2,3,4,14,6,5,8,9,10,11,12,7,36,40,39,38,35,37,33,32,31,30,34,93,92,91,90,89,88,87,85,84,83,82,81,80,79,86,94,97,96,78,111,110,109,108,107,106,105,104,103,102,101,100,99,98,95,77,74,75,55,54,53,52,51,49,48,47,46,45,44,43,42,41,76,56,57,50,59,58,73,72

#hubsList = 
150,376,684,229,386,438,126,497,9,540,450,186,122,76,607,506,11,169,46,403,164,97,59,58,315,230,619,609,0,6,571,437,277,661,599,123,330,605,381,551,515,464,529,204,72,172,73,682,474,344,462,668,200,504,258,465,555,379,415,14,406,43,85,295,620,456,161,567,173,637,65,413,36,227,748

#imagedHubs = 0,97,43,36,6,72,9,11,76,14,85,73,46,58,59

#nonHubsToPickList = 179,432,729,426,100,443,178,212,224,278,354,676,308,368,181,209,525,347,128,221,303,681,598,589,266,692,248,538,542,194,79,511,29,510,35,539,15,635,518,544,66,328,220,730,461,422,49,231,611,702,670,202,146,217,42,470,238,517,261,424,394,715,423,216,272,321,418,513,527,280,380,393,195,237,388

#imagedNonHubs = 25,55,75,37,84,1,48,24,28,91,99,103,38,96,15

#silencedCell = 0
#cell0_nSpatialLinks = 4
#silencedCell = 6
#cell6_nSpatialLinks = 3
#silencedCell = 9
#cell9_nSpatialLinks = 2
#silencedCell = 11
#cell11_nSpatialLinks = 3
#silencedCell = 46
#cell46_nSpatialLinks = 5
#silencedCell = 58
#cell58_nSpatialLinks = 7
#silencedCell = 59
#cell59_nSpatialLinks = 5
#silencedCell = 72
#cell72_nSpatialLinks = 6
#silencedCell = 73
#cell73_nSpatialLinks = 6
#silencedCell = 76
#cell76_nSpatialLinks = 6
#silencedCell = 97
#cell97_nSpatialLinks = 7
#silencedCell = 122
#cell122_nSpatialLinks = 4
#silencedCell = 123
#cell123_nSpatialLinks = 5
#silencedCell = 126
#cell126_nSpatialLinks = 9
#silencedCell = 150
#cell150_nSpatialLinks = 8
#silencedCell = 164
#cell164_nSpatialLinks = 8
#silencedCell = 169
#cell169_nSpatialLinks = 7
#silencedCell = 172
#cell172_nSpatialLinks = 7
#silencedCell = 186
#cell186_nSpatialLinks = 6
#silencedCell = 204
#cell204_nSpatialLinks = 7
#silencedCell = 229
#cell229_nSpatialLinks = 4
#silencedCell = 230
#cell230_nSpatialLinks = 6
#silencedCell = 277
#cell277_nSpatialLinks = 9
#silencedCell = 315
#cell315_nSpatialLinks = 9
#silencedCell = 330
#cell330_nSpatialLinks = 9
#silencedCell = 376
#cell376_nSpatialLinks = 9
#silencedCell = 381
#cell381_nSpatialLinks = 8
#silencedCell = 386
#cell386_nSpatialLinks = 8
#silencedCell = 403
#cell403_nSpatialLinks = 10
#silencedCell = 437
#cell437_nSpatialLinks = 5
#silencedCell = 438
#cell438_nSpatialLinks = 6
#silencedCell = 450
#cell450_nSpatialLinks = 6
#silencedCell = 464
#cell464_nSpatialLinks = 6
#silencedCell = 497
#cell497_nSpatialLinks = 9
#silencedCell = 506
#cell506_nSpatialLinks = 9
#silencedCell = 515
#cell515_nSpatialLinks = 7
#silencedCell = 529
#cell529_nSpatialLinks = 5
#silencedCell = 540
#cell540_nSpatialLinks = 9
#silencedCell = 551
#cell551_nSpatialLinks = 8
#silencedCell = 571
#cell571_nSpatialLinks = 4
#silencedCell = 599
#cell599_nSpatialLinks = 8
#silencedCell = 605
#cell605_nSpatialLinks = 9
#silencedCell = 607
#cell607_nSpatialLinks = 10
#silencedCell = 609
#cell609_nSpatialLinks = 7
#silencedCell = 619
#cell619_nSpatialLinks = 11
#silencedCell = 661
#cell661_nSpatialLinks = 10
#silencedCell = 682
#cell682_nSpatialLinks = 4
#silencedCell = 684
#cell684_nSpatialLinks = 4
#Ca_shape = (750, 50)
#Vm_shape = (750, 50)
#Ca_shape = (750, 50)
#Vm_shape = (750, 50)
#Ca_shape = (750, 50)
#Vm_shape = (750, 50)
#Ca_shape = (750, 50)
#Vm_shape = (750, 50)
#Ca_shape = (750, 50)
#Vm_shape = (750, 50)
#Ca_shape = (750, 50)
#Vm_shape = (750, 50)
#Ca_shape = (750, 50)
#Vm_shape = (750, 50)
#Ca_shape = (750, 50)
#Vm_shape = (750, 50)
#Ca_shape = (750, 50)
#Vm_shape = (750, 50)
#Ca_shape = (750, 50)
#Vm_shape = (750, 50)
#Ca_shape = (750, 50)
#Vm_shape = (750, 50)
#Ca_shape = (750, 50)
#Vm_shape = (750, 50)
#Ca_shape = (750, 50)
#Vm_shape = (750, 50)
#Ca_shape = (750, 50)
#Vm_shape = (750, 50)
#Ca_shape = (750, 50)
#Vm_shape = (750, 50)
#Ca_shape = (750, 50)
#Vm_shape = (750, 50)
#Ca_shape = (750, 50)
#Vm_shape = (750, 50)
#Ca_shape = (750, 50)
#Vm_shape = (750, 50)
#Ca_shape = (750, 50)
#Vm_shape = (750, 50)
#Ca_shape = (750, 50)
#Vm_shape = (750, 50)
#Ca_shape = (750, 50)
#Vm_shape = (750, 50)
#Ca_shape = (750, 50)
#Vm_shape = (750, 50)
#Ca_shape = (750, 50)
#Vm_shape = (750, 50)
#Ca_shape = (750, 50)
#Vm_shape = (750, 50)
#Ca_shape = (750, 50)
#Vm_shape = (750, 50)
#Ca_shape = (750, 50)
#Vm_shape = (750, 50)
#Ca_shape = (750, 50)
#Vm_shape = (750, 50)
#Ca_shape = (750, 50)
#Vm_shape = (750, 50)
#Ca_shape = (750, 50)
#Vm_shape = (750, 50)
#Ca_shape = (750, 50)
#Vm_shape = (750, 50)
#Ca_shape = (750, 50)
#Vm_shape = (750, 50)
#Ca_shape = (750, 50)
#Vm_shape = (750, 50)
#Ca_shape = (750, 50)
#Vm_shape = (750, 50)
#Ca_shape = (750, 50)
#Vm_shape = (750, 50)
#Ca_shape = (750, 50)
#Vm_shape = (750, 50)
#Ca_shape = (750, 50)
#Vm_shape = (750, 50)
#Ca_shape = (750, 50)
#Vm_shape = (750, 50)
#Ca_shape = (750, 50)
#Vm_shape = (750, 50)
#Ca_shape = (750, 50)
#Vm_shape = (750, 50)
#Ca_shape = (750, 50)
#Vm_shape = (750, 50)
#Ca_shape = (750, 50)
#Vm_shape = (750, 50)
#Ca_shape = (750, 50)
#Vm_shape = (750, 50)
#Ca_shape = (750, 50)
#Vm_shape = (750, 50)
#Ca_shape = (750, 50)
#Vm_shape = (750, 50)
#Ca_shape = (750, 50)
#Vm_shape = (750, 50)
#Ca_shape = (750, 50)
#Vm_shape = (750, 50)
#Ca_shape = (750, 50)
#Vm_shape = (750, 50)
#Ca_shape = (750, 50)
#Vm_shape = (750, 50)
#Ca_shape = (750, 50)
#Vm_shape = (750, 50)
#Ca_shape = (750, 50)
#Vm_shape = (750, 50)
#Ca_shape = (750, 50)
#Vm_shape = (750, 50)
#Ca_shape = (750, 50)
#Vm_shape = (750, 50)
#Ca_shape = (750, 50)
#Vm_shape = (750, 50)
#Ca_shape = (750, 50)
#Vm_shape = (750, 50)
#Ca_shape = (750, 50)
#Vm_shape = (750, 50)
#Ca_shape = (750, 50)
#Vm_shape = (750, 50)
#Ca_shape = (750, 50)
#Vm_shape = (750, 50)
#Ca_shape = (750, 50)
#Vm_shape = (750, 50)
#Ca_shape = (750, 50)
#Vm_shape = (750, 50)
#Ca_shape = (750, 50)
#Vm_shape = (750, 50)
#Ca_shape = (750, 50)
#Vm_shape = (750, 50)
#Ca_shape = (750, 50)
#Vm_shape = (750, 50)
#Ca_shape = (750, 50)
#Vm_shape = (750, 50)
#Ca_shape = (750, 50)
#Vm_shape = (750, 50)
#Ca_shape = (750, 50)
#Vm_shape = (750, 50)
#Ca_shape = (750, 50)
#Vm_shape = (750, 50)
#Ca_shape = (750, 50)
#Vm_shape = (750, 50)
#Ca_shape = (750, 50)
#Vm_shape = (750, 50)
#Ca_shape = (750, 50)
#Vm_shape = (750, 50)
#Ca_shape = (750, 50)
#Vm_shape = (750, 50)
#Ca_shape = (750, 50)
#Vm_shape = (750, 50)
#Ca_shape = (750, 50)
#Vm_shape = (750, 50)
#Ca_shape = (750, 50)
#Vm_shape = (750, 50)
#Ca_shape = (750, 50)
#Vm_shape = (750, 50)
#Ca_shape = (750, 50)
#Vm_shape = (750, 50)
#Ca_shape = (750, 50)
#Vm_shape = (750, 50)
#Ca_shape = (750, 50)
#Vm_shape = (750, 50)
#Ca_shape = (750, 50)
#Vm_shape = (750, 50)
#Ca_shape = (750, 50)
#Vm_shape = (750, 50)
#Ca_shape = (750, 50)
#Vm_shape = (750, 50)
