#model = 5 
#gjmodel = 1 
#morphology = 1 
#species = 0 
#pyseed = 2 
#isImitateExp = 1 
#mode = 2 
#silenceStart = 150000.000000 
#silenceDur = 250000.000000 
#silenceAmp = -100.000000 
#pHubs = 0.100000 
#methodToPickHubs = 0 
#ggap = 0.020000 
#ggaphub = 0.020000 
#gjtau = 400.000000 
#dthres = 17.500000 
#isletsize = None 
#hetVar = 0.200000 
#tstop = 800000.000000 
#dt = 0.100000 
#downSampling = 1000 
#tbatch = 5000.000000 

#imagedCells = 0,29,28,27,26,25,24,23,22,21,20,19,18,16,15,17,13,1,2,3,4,14,6,5,8,9,10,11,12,7,36,40,39,38,35,37,33,32,31,30,34,93,92,91,90,89,88,87,85,84,83,82,81,80,79,86,94,97,96,78,111,110,109,108,107,106,105,104,103,102,101,100,99,98,95,77,74,75,55,54,53,52,51,49,48,47,46,45,44,43,42,41,76,56,57,50,59,58,73,72

#hubsList = 
150,376,684,229,386,438,126,497,9,540,450,186,122,76,607,506,11,169,46,403,164,97,59,58,315,230,619,609,0,6,571,437,277,661,599,123,330,605,381,551,515,464,529,204,72,172,73,682,474,344,462,668,200,504,258,465,555,379,415,14,406,43,85,295,620,456,161,567,173,637,65,413,36,227,748

#imagedHubs = 0,97,43,36,6,72,9,11,76,14,85,73,46,58,59

#nonHubsToPickList = 179,432,729,426,100,443,178,212,224,278,354,676,308,368,181,209,525,347,128,221,303,681,598,589,266,692,248,538,542,194,79,511,29,510,35,539,15,635,518,544,66,328,220,730,461,422,49,231,611,702,670,202,146,217,42,470,238,517,261,424,394,715,423,216,272,321,418,513,527,280,380,393,195,237,388

#imagedNonHubs = 25,55,75,37,84,1,48,24,28,91,99,103,38,96,15

#silencedCell = 15
#cell15_nSpatialLinks = 3
#silencedCell = 29
#cell29_nSpatialLinks = 5
#silencedCell = 35
#cell35_nSpatialLinks = 1
#silencedCell = 66
#cell66_nSpatialLinks = 7
#silencedCell = 79
#cell79_nSpatialLinks = 8
#silencedCell = 100
#cell100_nSpatialLinks = 8
#silencedCell = 128
#cell128_nSpatialLinks = 5
#silencedCell = 178
#cell178_nSpatialLinks = 6
#silencedCell = 179
#cell179_nSpatialLinks = 7
#silencedCell = 181
#cell181_nSpatialLinks = 4
#silencedCell = 194
#cell194_nSpatialLinks = 5
#silencedCell = 209
#cell209_nSpatialLinks = 8
#silencedCell = 212
#cell212_nSpatialLinks = 9
#silencedCell = 221
#cell221_nSpatialLinks = 5
#silencedCell = 224
#cell224_nSpatialLinks = 6
#silencedCell = 248
#cell248_nSpatialLinks = 8
#silencedCell = 266
#cell266_nSpatialLinks = 5
#silencedCell = 278
#cell278_nSpatialLinks = 10
#silencedCell = 303
#cell303_nSpatialLinks = 7
#silencedCell = 308
#cell308_nSpatialLinks = 7
#silencedCell = 328
#cell328_nSpatialLinks = 10
#silencedCell = 347
#cell347_nSpatialLinks = 10
#silencedCell = 354
#cell354_nSpatialLinks = 6
#silencedCell = 368
#cell368_nSpatialLinks = 10
#silencedCell = 426
#cell426_nSpatialLinks = 10
#silencedCell = 432
#cell432_nSpatialLinks = 7
#silencedCell = 443
#cell443_nSpatialLinks = 9
#silencedCell = 510
#cell510_nSpatialLinks = 8
#silencedCell = 511
#cell511_nSpatialLinks = 9
#silencedCell = 518
#cell518_nSpatialLinks = 8
#silencedCell = 525
#cell525_nSpatialLinks = 7
#silencedCell = 538
#cell538_nSpatialLinks = 6
#silencedCell = 539
#cell539_nSpatialLinks = 8
#silencedCell = 542
#cell542_nSpatialLinks = 4
#silencedCell = 544
#cell544_nSpatialLinks = 7
#silencedCell = 589
#cell589_nSpatialLinks = 5
#silencedCell = 598
#cell598_nSpatialLinks = 9
#silencedCell = 635
#cell635_nSpatialLinks = 6
#silencedCell = 676
#cell676_nSpatialLinks = 4
#silencedCell = 681
#cell681_nSpatialLinks = 6
#silencedCell = 692
#cell692_nSpatialLinks = 7
#silencedCell = 729
#cell729_nSpatialLinks = 5
#Ca_shape = (750, 50)
#Vm_shape = (750, 50)
#Ca_shape = (750, 50)
#Vm_shape = (750, 50)
#Ca_shape = (750, 50)
#Vm_shape = (750, 50)
#Ca_shape = (750, 50)
#Vm_shape = (750, 50)
#Ca_shape = (750, 50)
#Vm_shape = (750, 50)
#Ca_shape = (750, 50)
#Vm_shape = (750, 50)
#Ca_shape = (750, 50)
#Vm_shape = (750, 50)
#Ca_shape = (750, 50)
#Vm_shape = (750, 50)
#Ca_shape = (750, 50)
#Vm_shape = (750, 50)
#Ca_shape = (750, 50)
#Vm_shape = (750, 50)
#Ca_shape = (750, 50)
#Vm_shape = (750, 50)
#Ca_shape = (750, 50)
#Vm_shape = (750, 50)
#Ca_shape = (750, 50)
#Vm_shape = (750, 50)
#Ca_shape = (750, 50)
#Vm_shape = (750, 50)
#Ca_shape = (750, 50)
#Vm_shape = (750, 50)
#Ca_shape = (750, 50)
#Vm_shape = (750, 50)
#Ca_shape = (750, 50)
#Vm_shape = (750, 50)
#Ca_shape = (750, 50)
#Vm_shape = (750, 50)
#Ca_shape = (750, 50)
#Vm_shape = (750, 50)
#Ca_shape = (750, 50)
#Vm_shape = (750, 50)
#Ca_shape = (750, 50)
#Vm_shape = (750, 50)
#Ca_shape = (750, 50)
#Vm_shape = (750, 50)
#Ca_shape = (750, 50)
#Vm_shape = (750, 50)
#Ca_shape = (750, 50)
#Vm_shape = (750, 50)
#Ca_shape = (750, 50)
#Vm_shape = (750, 50)
#Ca_shape = (750, 50)
#Vm_shape = (750, 50)
#Ca_shape = (750, 50)
#Vm_shape = (750, 50)
#Ca_shape = (750, 50)
#Vm_shape = (750, 50)
#Ca_shape = (750, 50)
#Vm_shape = (750, 50)
#Ca_shape = (750, 50)
#Vm_shape = (750, 50)
#Ca_shape = (750, 50)
#Vm_shape = (750, 50)
#Ca_shape = (750, 50)
#Vm_shape = (750, 50)
#Ca_shape = (750, 50)
#Vm_shape = (750, 50)
#Ca_shape = (750, 50)
#Vm_shape = (750, 50)
#Ca_shape = (750, 50)
#Vm_shape = (750, 50)
#Ca_shape = (750, 50)
#Vm_shape = (750, 50)
#Ca_shape = (750, 50)
#Vm_shape = (750, 50)
#Ca_shape = (750, 50)
#Vm_shape = (750, 50)
#Ca_shape = (750, 50)
#Vm_shape = (750, 50)
#Ca_shape = (750, 50)
#Vm_shape = (750, 50)
#Ca_shape = (750, 50)
#Vm_shape = (750, 50)
#Ca_shape = (750, 50)
#Vm_shape = (750, 50)
#Ca_shape = (750, 50)
#Vm_shape = (750, 50)
#Ca_shape = (750, 50)
#Vm_shape = (750, 50)
#Ca_shape = (750, 50)
#Vm_shape = (750, 50)
#Ca_shape = (750, 50)
#Vm_shape = (750, 50)
#Ca_shape = (750, 50)
#Vm_shape = (750, 50)
#Ca_shape = (750, 50)
#Vm_shape = (750, 50)
#Ca_shape = (750, 50)
#Vm_shape = (750, 50)
#Ca_shape = (750, 50)
#Vm_shape = (750, 50)
#Ca_shape = (750, 50)
#Vm_shape = (750, 50)
#Ca_shape = (750, 50)
#Vm_shape = (750, 50)
#Ca_shape = (750, 50)
#Vm_shape = (750, 50)
#Ca_shape = (750, 50)
#Vm_shape = (750, 50)
#Ca_shape = (750, 50)
#Vm_shape = (750, 50)
#Ca_shape = (750, 50)
#Vm_shape = (750, 50)
#Ca_shape = (750, 50)
#Vm_shape = (750, 50)
#Ca_shape = (750, 50)
#Vm_shape = (750, 50)
#Ca_shape = (750, 50)
#Vm_shape = (750, 50)
#Ca_shape = (750, 50)
#Vm_shape = (750, 50)
#Ca_shape = (750, 50)
#Vm_shape = (750, 50)
#Ca_shape = (750, 50)
#Vm_shape = (750, 50)
#Ca_shape = (750, 50)
#Vm_shape = (750, 50)
#Ca_shape = (750, 50)
#Vm_shape = (750, 50)
#Ca_shape = (750, 50)
#Vm_shape = (750, 50)
#Ca_shape = (750, 50)
#Vm_shape = (750, 50)
#Ca_shape = (750, 50)
#Vm_shape = (750, 50)
#Ca_shape = (750, 50)
#Vm_shape = (750, 50)
#Ca_shape = (750, 50)
#Vm_shape = (750, 50)
#Ca_shape = (750, 50)
#Vm_shape = (750, 50)
#Ca_shape = (750, 50)
#Vm_shape = (750, 50)
#Ca_shape = (750, 50)
#Vm_shape = (750, 50)
#Ca_shape = (750, 50)
#Vm_shape = (750, 50)
#Ca_shape = (750, 50)
#Vm_shape = (750, 50)
#Ca_shape = (750, 50)
#Vm_shape = (750, 50)
#Ca_shape = (750, 50)
#Vm_shape = (750, 50)
#Ca_shape = (750, 50)
#Vm_shape = (750, 50)
#Ca_shape = (750, 50)
#Vm_shape = (750, 50)
#Ca_shape = (750, 50)
#Vm_shape = (750, 50)
#Ca_shape = (750, 50)
#Vm_shape = (750, 50)
#Ca_shape = (750, 50)
#Vm_shape = (750, 50)
#Ca_shape = (750, 50)
#Vm_shape = (750, 50)
#Ca_shape = (750, 50)
#Vm_shape = (750, 50)
#Ca_shape = (750, 50)
#Vm_shape = (750, 50)
#Ca_shape = (750, 50)
#Vm_shape = (750, 50)
#Ca_shape = (750, 50)
#Vm_shape = (750, 50)
#Ca_shape = (750, 50)
#Vm_shape = (750, 50)
#Ca_shape = (750, 50)
#Vm_shape = (750, 50)
#Ca_shape = (750, 50)
#Vm_shape = (750, 50)
#Ca_shape = (750, 50)
#Vm_shape = (750, 50)
#Ca_shape = (750, 50)
#Vm_shape = (750, 50)
#Ca_shape = (750, 50)
#Vm_shape = (750, 50)
#Ca_shape = (750, 50)
#Vm_shape = (750, 50)
#Ca_shape = (750, 50)
#Vm_shape = (750, 50)
#Ca_shape = (750, 50)
#Vm_shape = (750, 50)
#Ca_shape = (750, 50)
#Vm_shape = (750, 50)
#Ca_shape = (750, 50)
#Vm_shape = (750, 50)
#Ca_shape = (750, 50)
#Vm_shape = (750, 50)
#Ca_shape = (750, 50)
#Vm_shape = (750, 50)
#Ca_shape = (750, 50)
#Vm_shape = (750, 50)
#Ca_shape = (750, 50)
#Vm_shape = (750, 50)
#Ca_shape = (750, 50)
#Vm_shape = (750, 50)
#Ca_shape = (750, 50)
#Vm_shape = (750, 50)
#Ca_shape = (750, 50)
#Vm_shape = (750, 50)
#Ca_shape = (750, 50)
#Vm_shape = (750, 50)
#Ca_shape = (750, 50)
#Vm_shape = (750, 50)
#Ca_shape = (750, 50)
#Vm_shape = (750, 50)
#Ca_shape = (750, 50)
#Vm_shape = (750, 50)
#Ca_shape = (750, 50)
#Vm_shape = (750, 50)
#Ca_shape = (750, 50)
#Vm_shape = (750, 50)
#Ca_shape = (750, 50)
#Vm_shape = (750, 50)
#Ca_shape = (750, 50)
#Vm_shape = (750, 50)
#Ca_shape = (750, 50)
#Vm_shape = (750, 50)
#Ca_shape = (750, 50)
#Vm_shape = (750, 50)
#Ca_shape = (750, 50)
#Vm_shape = (750, 50)
#Ca_shape = (750, 50)
#Vm_shape = (750, 50)
#Ca_shape = (750, 50)
#Vm_shape = (750, 50)
#Ca_shape = (750, 50)
#Vm_shape = (750, 50)
#Ca_shape = (750, 50)
#Vm_shape = (750, 50)
#Ca_shape = (750, 50)
#Vm_shape = (750, 50)
#Ca_shape = (750, 50)
#Vm_shape = (750, 50)
#Ca_shape = (750, 50)
#Vm_shape = (750, 50)
#Ca_shape = (750, 50)
#Vm_shape = (750, 50)
#Ca_shape = (750, 50)
#Vm_shape = (750, 50)
#Ca_shape = (750, 50)
#Vm_shape = (750, 50)
#Ca_shape = (750, 50)
#Vm_shape = (750, 50)
#Ca_shape = (750, 50)
#Vm_shape = (750, 50)
#Ca_shape = (750, 50)
#Vm_shape = (750, 50)
#Ca_shape = (750, 50)
#Vm_shape = (750, 50)
#Ca_shape = (750, 50)
#Vm_shape = (750, 50)
#Ca_shape = (750, 50)
#Vm_shape = (750, 50)
#Ca_shape = (750, 50)
#Vm_shape = (750, 50)
#Ca_shape = (750, 50)
#Vm_shape = (750, 50)
#Ca_shape = (750, 50)
#Vm_shape = (750, 50)
#Ca_shape = (750, 50)
#Vm_shape = (750, 50)
#Ca_shape = (750, 50)
#Vm_shape = (750, 50)
#Ca_shape = (750, 50)
#Vm_shape = (750, 50)
#Ca_shape = (750, 50)
#Vm_shape = (750, 50)
#Ca_shape = (750, 50)
#Vm_shape = (750, 50)
#Ca_shape = (750, 50)
#Vm_shape = (750, 50)
#Ca_shape = (750, 50)
#Vm_shape = (750, 50)
#Ca_shape = (750, 50)
#Vm_shape = (750, 50)
#Ca_shape = (750, 50)
#Vm_shape = (750, 50)
#Ca_shape = (750, 50)
#Vm_shape = (750, 50)
#Ca_shape = (750, 50)
#Vm_shape = (750, 50)
#Ca_shape = (750, 50)
#Vm_shape = (750, 50)
#Ca_shape = (750, 50)
#Vm_shape = (750, 50)
#Ca_shape = (750, 50)
#Vm_shape = (750, 50)
#Ca_shape = (750, 50)
#Vm_shape = (750, 50)
#Ca_shape = (750, 50)
#Vm_shape = (750, 50)
#Ca_shape = (750, 50)
#Vm_shape = (750, 50)
#Ca_shape = (750, 50)
#Vm_shape = (750, 50)
#Ca_shape = (750, 50)
#Vm_shape = (750, 50)
#Ca_shape = (750, 50)
#Vm_shape = (750, 50)
#Ca_shape = (750, 50)
#Vm_shape = (750, 50)
#Ca_shape = (750, 50)
#Vm_shape = (750, 50)
#Ca_shape = (750, 50)
#Vm_shape = (750, 50)
#Ca_shape = (750, 50)
#Vm_shape = (750, 50)
#Ca_shape = (750, 50)
#Vm_shape = (750, 50)
#Ca_shape = (750, 50)
#Vm_shape = (750, 50)
